<html xmlns:math="http://exslt.org/math" xmlns:testng="http://testng.org">
   <head>
      <title>TestNG Results</title>
      <meta http-equiv="content-type" content="text/html; charset=utf-8"></meta>
      <meta http-equiv="pragma" content="no-cache"></meta>
      <meta http-equiv="cache-control" content="max-age=0"></meta>
      <meta http-equiv="cache-control" content="no-cache"></meta>
      <meta http-equiv="cache-control" content="no-store"></meta>
      <LINK rel="stylesheet" href="style.css"></LINK>
      <script type="text/javascript" src="main.js"></script>
   </head>
   <body>
      <table width="100%" style="font-size: 16px; margin-bottom: 10px;" cellspacing="1">
         <tr>
            <td width="100%">
               								All methods in suite
               								
               <b>KaplanAutomationReport</b>
            </td>
            <td style="background-color: #FFBBBB; padding: 3px 3px 3px 0;" align="center">
               <div style="width: 50px;">1</div>
            </td>
            <td style="background-color: lightgreen; padding: 3px 3px 3px 0;" align="center">
               <div style="width: 50px;">0</div>
            </td>
            <td style="background-color: #FFFFBB; padding: 3px 3px 3px 0;" align="center">
               <div style="width: 50px;">0</div>
            </td>
            <td align="center" style="background-color: #eaf0f7; padding: 3px 3px 3px 0;">
               <div style="width: 50px;">1</div>
            </td>
            <td align="center"
                style="font-weight: bold; background-color: #eaf0f7; padding: 3px 3px 3px 0;">
               <div style="width: 50px;">0%</div>
            </td>
            <td style="background-color: #eaf0f7; padding: 3px 3px 3px 0;" align="center"
                nowrap="true">1
               				m
               			13
               				s
               			
            </td>
         </tr>
      </table>
      <div style="width: 200px;">
         <label for="groupMethodsCheckBox" style="font-weight: bold; margin: 0;">
            <input id="groupMethodsCheckBox" type="checkbox" onclick="switchTestMethodsView(this)"></input>
            				Group by class
            			
         </label>
         <br></br>
         <label for="methodsFilter_ALL" style="font-weight: bold; margin: 0;">
            <input id="methodsFilter_ALL" type="checkbox"
                   onclick="testMethodsFilterChanged(this, 'ALL')"></input>
            				All
            			
         </label>
      </div>
      <label for="methodsFilter_FAIL" style="margin-left: 20px;">
         <input id="methodsFilter_FAIL" type="checkbox"
                onclick="testMethodsFilterChanged(this, 'FAIL')"
                checked=""></input>
         			Failed
         		
      </label>
      <label for="methodsFilter_PASS">
         <input id="methodsFilter_PASS" type="checkbox"
                onclick="testMethodsFilterChanged(this, 'PASS')"
                checked=""></input>
         			Passed
         		
      </label>
      <label for="methodsFilter_SKIP">
         <input id="methodsFilter_SKIP" type="checkbox"
                onclick="testMethodsFilterChanged(this, 'SKIP')"
                checked=""></input>
         			Skipped
         		
      </label>
      <label for="methodsFilter_CONF">
         <input id="methodsFilter_CONF" type="checkbox"
                onclick="testMethodsFilterChanged(this, 'CONF')"></input>
         			Config
         		
      </label>
      <br></br>
      <div id="testMethodsByStatus">
         <table class="testMethodsTable" cellpadding="0" cellspacing="0">
            <tr class="methodsTableHeader">
               <td width="100%">Name</td>
               <td nowrap="true">Started</td>
               <td nowrap="true">Duration</td>
               <td>Exception</td>
            </tr>
            <tr id="com.kaplan.tests.TestScenario1_3_TestScenario1_byStatus_failed_FAIL1_row"
                class="testMethodStatusFAIL">
               <td width="100%" class="firstMethodCell">
                  <a onclick="toggleDetailsVisibility('com.kaplan.tests.TestScenario1_3_TestScenario1_byStatus_failed_FAIL1_details')">TestScenario1</a>
               </td>
               <td nowrap="true">18:19:23</td>
               <td nowrap="true" align="right">1
                  				m
                  			2
                  				s
                  			
               </td>
               <td nowrap="true">
                  <a onclick="toggleDetailsVisibility('com.kaplan.tests.TestScenario1_3_TestScenario1_byStatus_failed_FAIL1_exception')">org.openqa.selenium.remote.UnreachableBrowserException: 
                     Error communicating with the remote browser. It may have died.
                     Build info: version: '2.45.0', revision: '5017cb8', time: '2015-02-26 23:59:50'
                     System info: host: 'MTALT343', ip: '192.168.1.5', os.name: 'Windows 7', os.arch: 'amd64', os.version: '6.1', java.version:
                     '1.8.0_40'
                     Driver info: driver.version: RemoteWebDriver
                     
                  </a>
                  					 
                  				
               </td>
            </tr>
            <tr>
               <td colspan="4" class="detailsBox">
                  <div id="com.kaplan.tests.TestScenario1_3_TestScenario1_byStatus_failed_FAIL1_details"
                       class="testMethodDetails">
                     <div>
                        <b>Name: </b>TestScenario1
                     </div>
                     <div>
                        <b>Signature: </b>TestScenario1()[pri:0, instance:com.kaplan.tests.TestScenario1_3@15975490]
                     </div>
                     <div>
                        <b>ScreenShot: </b>
                        
                        <b><a href="..\screenshot\ErrorScreen2015715182026444.png" target="_blank">ErrorScreen</a></b>
                        
                        
                     </div>
                     <div>
                        <b>Start time: </b>18:19:23
                     </div>
                     <div>
                        <b>End time: </b>18:20:26
                     </div>
                     <div>
                        <b>Duration: </b>1
                        				m
                        			2
                        				s
                        			
                     </div>
                  </div>
               </td>
            </tr>
            <tr>
               <td colspan="4" class="detailsBox">
                  <div id="com.kaplan.tests.TestScenario1_3_TestScenario1_byStatus_failed_FAIL1_exception"
                       class="testMethodDetails">
                     <pre style="padding: 5px; margin: 0;">org.openqa.selenium.remote.UnreachableBrowserException: Error communicating with the remote browser. It may have died.
                        Build info: version: '2.45.0', revision: '5017cb8', time: '2015-02-26 23:59:50'
                        System info: host: 'MTALT343', ip: '192.168.1.5', os.name: 'Windows 7', os.arch: 'amd64', os.version: '6.1', java.version:
                        '1.8.0_40'
                        Driver info: driver.version: RemoteWebDriver
                        	at org.openqa.selenium.remote.RemoteWebDriver.execute(RemoteWebDriver.java:593)
                        	at org.openqa.selenium.remote.RemoteWebDriver.execute(RemoteWebDriver.java:622)
                        	at org.openqa.selenium.remote.RemoteWebDriver.getCurrentUrl(RemoteWebDriver.java:319)
                        	at com.kaplan.page.LoginPage.&lt;init&gt;(Unknown Source)
                        	at com.kaplan.tests.BaseTest.openApplication(Unknown Source)
                        	at com.kaplan.tests.TestScenario1_3.TestScenario1(Unknown Source)
                        	at sun.reflect.NativeMethodAccessorImpl.invoke0(Native Method)
                        	at sun.reflect.NativeMethodAccessorImpl.invoke(NativeMethodAccessorImpl.java:62)
                        	at sun.reflect.DelegatingMethodAccessorImpl.invoke(DelegatingMethodAccessorImpl.java:43)
                        	at java.lang.reflect.Method.invoke(Method.java:497)
                        	at org.testng.internal.MethodInvocationHelper.invokeMethod(MethodInvocationHelper.java:84)
                        	at org.testng.internal.Invoker.invokeMethod(Invoker.java:714)
                        	at org.testng.internal.Invoker.invokeTestMethod(Invoker.java:901)
                        	at org.testng.internal.Invoker.invokeTestMethods(Invoker.java:1231)
                        	at org.testng.internal.TestMethodWorker.invokeTestMethods(TestMethodWorker.java:127)
                        	at org.testng.internal.TestMethodWorker.run(TestMethodWorker.java:111)
                        	at org.testng.TestRunner.privateRun(TestRunner.java:767)
                        	at org.testng.TestRunner.run(TestRunner.java:617)
                        	at org.testng.SuiteRunner.runTest(SuiteRunner.java:334)
                        	at org.testng.SuiteRunner.access$000(SuiteRunner.java:37)
                        	at org.testng.SuiteRunner$SuiteWorker.run(SuiteRunner.java:368)
                        	at org.testng.internal.thread.ThreadUtil$2.call(ThreadUtil.java:64)
                        	at java.util.concurrent.FutureTask.run(FutureTask.java:266)
                        	at java.util.concurrent.ThreadPoolExecutor.runWorker(ThreadPoolExecutor.java:1142)
                        	at java.util.concurrent.ThreadPoolExecutor$Worker.run(ThreadPoolExecutor.java:617)
                        	at java.lang.Thread.run(Thread.java:745)
                        Caused by: org.apache.http.conn.HttpHostConnectException: Connect to 127.0.0.1:7055 [/127.0.0.1] failed: Connection refused:
                        connect
                        	at org.apache.http.impl.conn.HttpClientConnectionOperator.connect(HttpClientConnectionOperator.java:142)
                        	at org.apache.http.impl.conn.PoolingHttpClientConnectionManager.connect(PoolingHttpClientConnectionManager.java:319)
                        	at org.apache.http.impl.execchain.MainClientExec.establishRoute(MainClientExec.java:363)
                        	at org.apache.http.impl.execchain.MainClientExec.execute(MainClientExec.java:219)
                        	at org.apache.http.impl.execchain.ProtocolExec.execute(ProtocolExec.java:195)
                        	at org.apache.http.impl.execchain.RetryExec.execute(RetryExec.java:86)
                        	at org.apache.http.impl.execchain.RedirectExec.execute(RedirectExec.java:108)
                        	at org.apache.http.impl.client.InternalHttpClient.doExecute(InternalHttpClient.java:184)
                        	at org.apache.http.impl.client.CloseableHttpClient.execute(CloseableHttpClient.java:72)
                        	at org.apache.http.impl.client.CloseableHttpClient.execute(CloseableHttpClient.java:57)
                        	at org.openqa.selenium.remote.internal.ApacheHttpClient.fallBackExecute(ApacheHttpClient.java:126)
                        	at org.openqa.selenium.remote.internal.ApacheHttpClient.execute(ApacheHttpClient.java:72)
                        	at org.openqa.selenium.remote.HttpCommandExecutor.execute(HttpCommandExecutor.java:133)
                        	at org.openqa.selenium.firefox.internal.NewProfileExtensionConnection.execute(NewProfileExtensionConnection.java:165)
                        	at org.openqa.selenium.firefox.FirefoxDriver$LazyCommandExecutor.execute(FirefoxDriver.java:362)
                        	at org.openqa.selenium.remote.RemoteWebDriver.execute(RemoteWebDriver.java:572)
                        	... 25 more
                        Caused by: java.net.ConnectException: Connection refused: connect
                        	at java.net.DualStackPlainSocketImpl.waitForConnect(Native Method)
                        	at java.net.DualStackPlainSocketImpl.socketConnect(DualStackPlainSocketImpl.java:85)
                        	at java.net.AbstractPlainSocketImpl.doConnect(AbstractPlainSocketImpl.java:345)
                        	at java.net.AbstractPlainSocketImpl.connectToAddress(AbstractPlainSocketImpl.java:206)
                        	at java.net.AbstractPlainSocketImpl.connect(AbstractPlainSocketImpl.java:188)
                        	at java.net.PlainSocketImpl.connect(PlainSocketImpl.java:172)
                        	at java.net.SocksSocketImpl.connect(SocksSocketImpl.java:392)
                        	at java.net.Socket.connect(Socket.java:589)
                        	at org.apache.http.conn.socket.PlainConnectionSocketFactory.connectSocket(PlainConnectionSocketFactory.java:72)
                        	at org.apache.http.impl.conn.HttpClientConnectionOperator.connect(HttpClientConnectionOperator.java:125)
                        	... 40 more
                     </pre>
                  </div>
               </td>
            </tr>
            <tr id="com.kaplan.tests.TestScenario1_3_tearDown_byStatus_failed_FAIL2_row"
                class="testMethodStatusFAIL testMethodStatusCONF">
               <td width="100%" class="firstMethodCell">
                  <a onclick="toggleDetailsVisibility('com.kaplan.tests.TestScenario1_3_tearDown_byStatus_failed_FAIL2_details')">tearDown</a>
               </td>
               <td nowrap="true">18:20:26</td>
               <td nowrap="true" align="right">0
                  			 ms
                  		
               </td>
               <td nowrap="true">
                  <a onclick="toggleDetailsVisibility('com.kaplan.tests.TestScenario1_3_tearDown_byStatus_failed_FAIL2_exception')">org.openqa.selenium.remote.UnreachableBrowserException: 
                     Error communicating with the remote browser. It may have died.
                     Build info: version: '2.45.0', revision: '5017cb8', time: '2015-02-26 23:59:50'
                     System info: host: 'MTALT343', ip: '192.168.1.5', os.name: 'Windows 7', os.arch: 'amd64', os.version: '6.1', java.version:
                     '1.8.0_40'
                     Driver info: driver.version: RemoteWebDriver
                     
                  </a>
                  					 
                  				
               </td>
            </tr>
            <tr>
               <td colspan="4" class="detailsBox">
                  <div id="com.kaplan.tests.TestScenario1_3_tearDown_byStatus_failed_FAIL2_details"
                       class="testMethodDetails">
                     <div>
                        <b>Name: </b>tearDown
                     </div>
                     <div>
                        <b>Signature: </b>tearDown()[pri:0, instance:com.kaplan.tests.TestScenario1_3@15975490]
                     </div>
                     <div>
                        <b>Start time: </b>18:20:26
                     </div>
                     <div>
                        <b>End time: </b>18:20:26
                     </div>
                     <div>
                        <b>Duration: </b>0
                        			 ms
                        		
                     </div>
                  </div>
               </td>
            </tr>
            <tr>
               <td colspan="4" class="detailsBox">
                  <div id="com.kaplan.tests.TestScenario1_3_tearDown_byStatus_failed_FAIL2_exception"
                       class="testMethodDetails">
                     <pre style="padding: 5px; margin: 0;">org.openqa.selenium.remote.UnreachableBrowserException: Error communicating with the remote browser. It may have died.
                        Build info: version: '2.45.0', revision: '5017cb8', time: '2015-02-26 23:59:50'
                        System info: host: 'MTALT343', ip: '192.168.1.5', os.name: 'Windows 7', os.arch: 'amd64', os.version: '6.1', java.version:
                        '1.8.0_40'
                        Driver info: driver.version: RemoteWebDriver
                        	at org.openqa.selenium.remote.RemoteWebDriver.execute(RemoteWebDriver.java:593)
                        	at org.openqa.selenium.remote.RemoteWebDriver.execute(RemoteWebDriver.java:622)
                        	at org.openqa.selenium.remote.RemoteWebDriver.quit(RemoteWebDriver.java:468)
                        	at com.kaplan.tests.BaseTest.tearDown(Unknown Source)
                        	at sun.reflect.NativeMethodAccessorImpl.invoke0(Native Method)
                        	at sun.reflect.NativeMethodAccessorImpl.invoke(NativeMethodAccessorImpl.java:62)
                        	at sun.reflect.DelegatingMethodAccessorImpl.invoke(DelegatingMethodAccessorImpl.java:43)
                        	at java.lang.reflect.Method.invoke(Method.java:497)
                        	at org.testng.internal.MethodInvocationHelper.invokeMethod(MethodInvocationHelper.java:84)
                        	at org.testng.internal.Invoker.invokeConfigurationMethod(Invoker.java:564)
                        	at org.testng.internal.Invoker.invokeConfigurations(Invoker.java:213)
                        	at org.testng.internal.Invoker.invokeMethod(Invoker.java:786)
                        	at org.testng.internal.Invoker.invokeTestMethod(Invoker.java:901)
                        	at org.testng.internal.Invoker.invokeTestMethods(Invoker.java:1231)
                        	at org.testng.internal.TestMethodWorker.invokeTestMethods(TestMethodWorker.java:127)
                        	at org.testng.internal.TestMethodWorker.run(TestMethodWorker.java:111)
                        	at org.testng.TestRunner.privateRun(TestRunner.java:767)
                        	at org.testng.TestRunner.run(TestRunner.java:617)
                        	at org.testng.SuiteRunner.runTest(SuiteRunner.java:334)
                        	at org.testng.SuiteRunner.access$000(SuiteRunner.java:37)
                        	at org.testng.SuiteRunner$SuiteWorker.run(SuiteRunner.java:368)
                        	at org.testng.internal.thread.ThreadUtil$2.call(ThreadUtil.java:64)
                        	at java.util.concurrent.FutureTask.run(FutureTask.java:266)
                        	at java.util.concurrent.ThreadPoolExecutor.runWorker(ThreadPoolExecutor.java:1142)
                        	at java.util.concurrent.ThreadPoolExecutor$Worker.run(ThreadPoolExecutor.java:617)
                        	at java.lang.Thread.run(Thread.java:745)
                        Caused by: org.apache.http.conn.HttpHostConnectException: Connect to 127.0.0.1:7055 [/127.0.0.1] failed: Connection refused:
                        connect
                        	at org.apache.http.impl.conn.HttpClientConnectionOperator.connect(HttpClientConnectionOperator.java:142)
                        	at org.apache.http.impl.conn.PoolingHttpClientConnectionManager.connect(PoolingHttpClientConnectionManager.java:319)
                        	at org.apache.http.impl.execchain.MainClientExec.establishRoute(MainClientExec.java:363)
                        	at org.apache.http.impl.execchain.MainClientExec.execute(MainClientExec.java:219)
                        	at org.apache.http.impl.execchain.ProtocolExec.execute(ProtocolExec.java:195)
                        	at org.apache.http.impl.execchain.RetryExec.execute(RetryExec.java:86)
                        	at org.apache.http.impl.execchain.RedirectExec.execute(RedirectExec.java:108)
                        	at org.apache.http.impl.client.InternalHttpClient.doExecute(InternalHttpClient.java:184)
                        	at org.apache.http.impl.client.CloseableHttpClient.execute(CloseableHttpClient.java:72)
                        	at org.apache.http.impl.client.CloseableHttpClient.execute(CloseableHttpClient.java:57)
                        	at org.openqa.selenium.remote.internal.ApacheHttpClient.fallBackExecute(ApacheHttpClient.java:126)
                        	at org.openqa.selenium.remote.internal.ApacheHttpClient.execute(ApacheHttpClient.java:72)
                        	at org.openqa.selenium.remote.HttpCommandExecutor.execute(HttpCommandExecutor.java:133)
                        	at org.openqa.selenium.firefox.internal.NewProfileExtensionConnection.execute(NewProfileExtensionConnection.java:165)
                        	at org.openqa.selenium.firefox.FirefoxDriver$LazyCommandExecutor.execute(FirefoxDriver.java:362)
                        	at org.openqa.selenium.remote.RemoteWebDriver.execute(RemoteWebDriver.java:572)
                        	... 25 more
                        Caused by: java.net.ConnectException: Connection refused: connect
                        	at java.net.DualStackPlainSocketImpl.waitForConnect(Native Method)
                        	at java.net.DualStackPlainSocketImpl.socketConnect(DualStackPlainSocketImpl.java:85)
                        	at java.net.AbstractPlainSocketImpl.doConnect(AbstractPlainSocketImpl.java:345)
                        	at java.net.AbstractPlainSocketImpl.connectToAddress(AbstractPlainSocketImpl.java:206)
                        	at java.net.AbstractPlainSocketImpl.connect(AbstractPlainSocketImpl.java:188)
                        	at java.net.PlainSocketImpl.connect(PlainSocketImpl.java:172)
                        	at java.net.SocksSocketImpl.connect(SocksSocketImpl.java:392)
                        	at java.net.Socket.connect(Socket.java:589)
                        	at org.apache.http.conn.socket.PlainConnectionSocketFactory.connectSocket(PlainConnectionSocketFactory.java:72)
                        	at org.apache.http.impl.conn.HttpClientConnectionOperator.connect(HttpClientConnectionOperator.java:125)
                        	... 40 more
                     </pre>
                  </div>
               </td>
            </tr>
            <tr id="com.kaplan.tests.TestScenario1_3_setUp_byStatus_passed_PASS1_row"
                class="testMethodStatusPASS testMethodStatusCONF">
               <td width="100%" class="firstMethodCell">
                  <a onclick="toggleDetailsVisibility('com.kaplan.tests.TestScenario1_3_setUp_byStatus_passed_PASS1_details')">setUp</a>
               </td>
               <td nowrap="true">18:19:14</td>
               <td nowrap="true" align="right">9
                  				s
                  			
               </td>
               <td nowrap="true">
                  					 
                  				
               </td>
            </tr>
            <tr>
               <td colspan="4" class="detailsBox">
                  <div id="com.kaplan.tests.TestScenario1_3_setUp_byStatus_passed_PASS1_details"
                       class="testMethodDetails">
                     <div>
                        <b>Name: </b>setUp
                     </div>
                     <div>
                        <b>Signature: </b>setUp()[pri:0, instance:com.kaplan.tests.TestScenario1_3@15975490]
                     </div>
                     <div>
                        <b>Start time: </b>18:19:14
                     </div>
                     <div>
                        <b>End time: </b>18:19:23
                     </div>
                     <div>
                        <b>Duration: </b>9
                        				s
                        			
                     </div>
                  </div>
               </td>
            </tr>
            <tr></tr>
         </table>
      </div>
      <div id="testMethodsByClass" style="display: none;">
         <table class="testMethodsTable" cellpadding="0" cellspacing="0">
            <tr>
               <td colspan="4">
                  <h3 style="display: inline;">com.kaplan.tests.TestScenario1_3</h3>
               </td>
            </tr>
            <tr class="methodsTableHeader">
               <td width="100%">Name</td>
               <td nowrap="true">Started</td>
               <td nowrap="true">Duration</td>
               <td>Exception</td>
            </tr>
            <tr id="com.kaplan.tests.TestScenario1_3_setUp_byClass_PASS1_row"
                class="testMethodStatusPASS testMethodStatusCONF">
               <td width="100%" class="firstMethodCell">
                  <a onclick="toggleDetailsVisibility('com.kaplan.tests.TestScenario1_3_setUp_byClass_PASS1_details')">setUp</a>
               </td>
               <td nowrap="true">18:19:14</td>
               <td nowrap="true" align="right">9
                  				s
                  			
               </td>
               <td nowrap="true">
                  					 
                  				
               </td>
            </tr>
            <tr>
               <td colspan="4" class="detailsBox">
                  <div id="com.kaplan.tests.TestScenario1_3_setUp_byClass_PASS1_details"
                       class="testMethodDetails">
                     <div>
                        <b>Name: </b>setUp
                     </div>
                     <div>
                        <b>Signature: </b>setUp()[pri:0, instance:com.kaplan.tests.TestScenario1_3@15975490]
                     </div>
                     <div>
                        <b>Start time: </b>18:19:14
                     </div>
                     <div>
                        <b>End time: </b>18:19:23
                     </div>
                     <div>
                        <b>Duration: </b>9
                        				s
                        			
                     </div>
                  </div>
               </td>
            </tr>
            <tr></tr>
            <tr id="com.kaplan.tests.TestScenario1_3_TestScenario1_byClass_FAIL2_row"
                class="testMethodStatusFAIL">
               <td width="100%" class="firstMethodCell">
                  <a onclick="toggleDetailsVisibility('com.kaplan.tests.TestScenario1_3_TestScenario1_byClass_FAIL2_details')">TestScenario1</a>
               </td>
               <td nowrap="true">18:19:23</td>
               <td nowrap="true" align="right">1
                  				m
                  			2
                  				s
                  			
               </td>
               <td nowrap="true">
                  <a onclick="toggleDetailsVisibility('com.kaplan.tests.TestScenario1_3_TestScenario1_byClass_FAIL2_exception')">org.openqa.selenium.remote.UnreachableBrowserException: 
                     Error communicating with the remote browser. It may have died.
                     Build info: version: '2.45.0', revision: '5017cb8', time: '2015-02-26 23:59:50'
                     System info: host: 'MTALT343', ip: '192.168.1.5', os.name: 'Windows 7', os.arch: 'amd64', os.version: '6.1', java.version:
                     '1.8.0_40'
                     Driver info: driver.version: RemoteWebDriver
                     
                  </a>
                  					 
                  				
               </td>
            </tr>
            <tr>
               <td colspan="4" class="detailsBox">
                  <div id="com.kaplan.tests.TestScenario1_3_TestScenario1_byClass_FAIL2_details"
                       class="testMethodDetails">
                     <div>
                        <b>Name: </b>TestScenario1
                     </div>
                     <div>
                        <b>Signature: </b>TestScenario1()[pri:0, instance:com.kaplan.tests.TestScenario1_3@15975490]
                     </div>
                     <div>
                        <b>ScreenShot: </b>
                        
                        <b><a href="..\screenshot\ErrorScreen2015715182026444.png" target="_blank">ErrorScreen</a></b>
                        
                        
                     </div>
                     <div>
                        <b>Start time: </b>18:19:23
                     </div>
                     <div>
                        <b>End time: </b>18:20:26
                     </div>
                     <div>
                        <b>Duration: </b>1
                        				m
                        			2
                        				s
                        			
                     </div>
                  </div>
               </td>
            </tr>
            <tr>
               <td colspan="4" class="detailsBox">
                  <div id="com.kaplan.tests.TestScenario1_3_TestScenario1_byClass_FAIL2_exception"
                       class="testMethodDetails">
                     <pre style="padding: 5px; margin: 0;">org.openqa.selenium.remote.UnreachableBrowserException: Error communicating with the remote browser. It may have died.
                        Build info: version: '2.45.0', revision: '5017cb8', time: '2015-02-26 23:59:50'
                        System info: host: 'MTALT343', ip: '192.168.1.5', os.name: 'Windows 7', os.arch: 'amd64', os.version: '6.1', java.version:
                        '1.8.0_40'
                        Driver info: driver.version: RemoteWebDriver
                        	at org.openqa.selenium.remote.RemoteWebDriver.execute(RemoteWebDriver.java:593)
                        	at org.openqa.selenium.remote.RemoteWebDriver.execute(RemoteWebDriver.java:622)
                        	at org.openqa.selenium.remote.RemoteWebDriver.getCurrentUrl(RemoteWebDriver.java:319)
                        	at com.kaplan.page.LoginPage.&lt;init&gt;(Unknown Source)
                        	at com.kaplan.tests.BaseTest.openApplication(Unknown Source)
                        	at com.kaplan.tests.TestScenario1_3.TestScenario1(Unknown Source)
                        	at sun.reflect.NativeMethodAccessorImpl.invoke0(Native Method)
                        	at sun.reflect.NativeMethodAccessorImpl.invoke(NativeMethodAccessorImpl.java:62)
                        	at sun.reflect.DelegatingMethodAccessorImpl.invoke(DelegatingMethodAccessorImpl.java:43)
                        	at java.lang.reflect.Method.invoke(Method.java:497)
                        	at org.testng.internal.MethodInvocationHelper.invokeMethod(MethodInvocationHelper.java:84)
                        	at org.testng.internal.Invoker.invokeMethod(Invoker.java:714)
                        	at org.testng.internal.Invoker.invokeTestMethod(Invoker.java:901)
                        	at org.testng.internal.Invoker.invokeTestMethods(Invoker.java:1231)
                        	at org.testng.internal.TestMethodWorker.invokeTestMethods(TestMethodWorker.java:127)
                        	at org.testng.internal.TestMethodWorker.run(TestMethodWorker.java:111)
                        	at org.testng.TestRunner.privateRun(TestRunner.java:767)
                        	at org.testng.TestRunner.run(TestRunner.java:617)
                        	at org.testng.SuiteRunner.runTest(SuiteRunner.java:334)
                        	at org.testng.SuiteRunner.access$000(SuiteRunner.java:37)
                        	at org.testng.SuiteRunner$SuiteWorker.run(SuiteRunner.java:368)
                        	at org.testng.internal.thread.ThreadUtil$2.call(ThreadUtil.java:64)
                        	at java.util.concurrent.FutureTask.run(FutureTask.java:266)
                        	at java.util.concurrent.ThreadPoolExecutor.runWorker(ThreadPoolExecutor.java:1142)
                        	at java.util.concurrent.ThreadPoolExecutor$Worker.run(ThreadPoolExecutor.java:617)
                        	at java.lang.Thread.run(Thread.java:745)
                        Caused by: org.apache.http.conn.HttpHostConnectException: Connect to 127.0.0.1:7055 [/127.0.0.1] failed: Connection refused:
                        connect
                        	at org.apache.http.impl.conn.HttpClientConnectionOperator.connect(HttpClientConnectionOperator.java:142)
                        	at org.apache.http.impl.conn.PoolingHttpClientConnectionManager.connect(PoolingHttpClientConnectionManager.java:319)
                        	at org.apache.http.impl.execchain.MainClientExec.establishRoute(MainClientExec.java:363)
                        	at org.apache.http.impl.execchain.MainClientExec.execute(MainClientExec.java:219)
                        	at org.apache.http.impl.execchain.ProtocolExec.execute(ProtocolExec.java:195)
                        	at org.apache.http.impl.execchain.RetryExec.execute(RetryExec.java:86)
                        	at org.apache.http.impl.execchain.RedirectExec.execute(RedirectExec.java:108)
                        	at org.apache.http.impl.client.InternalHttpClient.doExecute(InternalHttpClient.java:184)
                        	at org.apache.http.impl.client.CloseableHttpClient.execute(CloseableHttpClient.java:72)
                        	at org.apache.http.impl.client.CloseableHttpClient.execute(CloseableHttpClient.java:57)
                        	at org.openqa.selenium.remote.internal.ApacheHttpClient.fallBackExecute(ApacheHttpClient.java:126)
                        	at org.openqa.selenium.remote.internal.ApacheHttpClient.execute(ApacheHttpClient.java:72)
                        	at org.openqa.selenium.remote.HttpCommandExecutor.execute(HttpCommandExecutor.java:133)
                        	at org.openqa.selenium.firefox.internal.NewProfileExtensionConnection.execute(NewProfileExtensionConnection.java:165)
                        	at org.openqa.selenium.firefox.FirefoxDriver$LazyCommandExecutor.execute(FirefoxDriver.java:362)
                        	at org.openqa.selenium.remote.RemoteWebDriver.execute(RemoteWebDriver.java:572)
                        	... 25 more
                        Caused by: java.net.ConnectException: Connection refused: connect
                        	at java.net.DualStackPlainSocketImpl.waitForConnect(Native Method)
                        	at java.net.DualStackPlainSocketImpl.socketConnect(DualStackPlainSocketImpl.java:85)
                        	at java.net.AbstractPlainSocketImpl.doConnect(AbstractPlainSocketImpl.java:345)
                        	at java.net.AbstractPlainSocketImpl.connectToAddress(AbstractPlainSocketImpl.java:206)
                        	at java.net.AbstractPlainSocketImpl.connect(AbstractPlainSocketImpl.java:188)
                        	at java.net.PlainSocketImpl.connect(PlainSocketImpl.java:172)
                        	at java.net.SocksSocketImpl.connect(SocksSocketImpl.java:392)
                        	at java.net.Socket.connect(Socket.java:589)
                        	at org.apache.http.conn.socket.PlainConnectionSocketFactory.connectSocket(PlainConnectionSocketFactory.java:72)
                        	at org.apache.http.impl.conn.HttpClientConnectionOperator.connect(HttpClientConnectionOperator.java:125)
                        	... 40 more
                     </pre>
                  </div>
               </td>
            </tr>
            <tr id="com.kaplan.tests.TestScenario1_3_tearDown_byClass_FAIL3_row"
                class="testMethodStatusFAIL testMethodStatusCONF">
               <td width="100%" class="firstMethodCell">
                  <a onclick="toggleDetailsVisibility('com.kaplan.tests.TestScenario1_3_tearDown_byClass_FAIL3_details')">tearDown</a>
               </td>
               <td nowrap="true">18:20:26</td>
               <td nowrap="true" align="right">0
                  			 ms
                  		
               </td>
               <td nowrap="true">
                  <a onclick="toggleDetailsVisibility('com.kaplan.tests.TestScenario1_3_tearDown_byClass_FAIL3_exception')">org.openqa.selenium.remote.UnreachableBrowserException: 
                     Error communicating with the remote browser. It may have died.
                     Build info: version: '2.45.0', revision: '5017cb8', time: '2015-02-26 23:59:50'
                     System info: host: 'MTALT343', ip: '192.168.1.5', os.name: 'Windows 7', os.arch: 'amd64', os.version: '6.1', java.version:
                     '1.8.0_40'
                     Driver info: driver.version: RemoteWebDriver
                     
                  </a>
                  					 
                  				
               </td>
            </tr>
            <tr>
               <td colspan="4" class="detailsBox">
                  <div id="com.kaplan.tests.TestScenario1_3_tearDown_byClass_FAIL3_details"
                       class="testMethodDetails">
                     <div>
                        <b>Name: </b>tearDown
                     </div>
                     <div>
                        <b>Signature: </b>tearDown()[pri:0, instance:com.kaplan.tests.TestScenario1_3@15975490]
                     </div>
                     <div>
                        <b>Start time: </b>18:20:26
                     </div>
                     <div>
                        <b>End time: </b>18:20:26
                     </div>
                     <div>
                        <b>Duration: </b>0
                        			 ms
                        		
                     </div>
                  </div>
               </td>
            </tr>
            <tr>
               <td colspan="4" class="detailsBox">
                  <div id="com.kaplan.tests.TestScenario1_3_tearDown_byClass_FAIL3_exception"
                       class="testMethodDetails">
                     <pre style="padding: 5px; margin: 0;">org.openqa.selenium.remote.UnreachableBrowserException: Error communicating with the remote browser. It may have died.
                        Build info: version: '2.45.0', revision: '5017cb8', time: '2015-02-26 23:59:50'
                        System info: host: 'MTALT343', ip: '192.168.1.5', os.name: 'Windows 7', os.arch: 'amd64', os.version: '6.1', java.version:
                        '1.8.0_40'
                        Driver info: driver.version: RemoteWebDriver
                        	at org.openqa.selenium.remote.RemoteWebDriver.execute(RemoteWebDriver.java:593)
                        	at org.openqa.selenium.remote.RemoteWebDriver.execute(RemoteWebDriver.java:622)
                        	at org.openqa.selenium.remote.RemoteWebDriver.quit(RemoteWebDriver.java:468)
                        	at com.kaplan.tests.BaseTest.tearDown(Unknown Source)
                        	at sun.reflect.NativeMethodAccessorImpl.invoke0(Native Method)
                        	at sun.reflect.NativeMethodAccessorImpl.invoke(NativeMethodAccessorImpl.java:62)
                        	at sun.reflect.DelegatingMethodAccessorImpl.invoke(DelegatingMethodAccessorImpl.java:43)
                        	at java.lang.reflect.Method.invoke(Method.java:497)
                        	at org.testng.internal.MethodInvocationHelper.invokeMethod(MethodInvocationHelper.java:84)
                        	at org.testng.internal.Invoker.invokeConfigurationMethod(Invoker.java:564)
                        	at org.testng.internal.Invoker.invokeConfigurations(Invoker.java:213)
                        	at org.testng.internal.Invoker.invokeMethod(Invoker.java:786)
                        	at org.testng.internal.Invoker.invokeTestMethod(Invoker.java:901)
                        	at org.testng.internal.Invoker.invokeTestMethods(Invoker.java:1231)
                        	at org.testng.internal.TestMethodWorker.invokeTestMethods(TestMethodWorker.java:127)
                        	at org.testng.internal.TestMethodWorker.run(TestMethodWorker.java:111)
                        	at org.testng.TestRunner.privateRun(TestRunner.java:767)
                        	at org.testng.TestRunner.run(TestRunner.java:617)
                        	at org.testng.SuiteRunner.runTest(SuiteRunner.java:334)
                        	at org.testng.SuiteRunner.access$000(SuiteRunner.java:37)
                        	at org.testng.SuiteRunner$SuiteWorker.run(SuiteRunner.java:368)
                        	at org.testng.internal.thread.ThreadUtil$2.call(ThreadUtil.java:64)
                        	at java.util.concurrent.FutureTask.run(FutureTask.java:266)
                        	at java.util.concurrent.ThreadPoolExecutor.runWorker(ThreadPoolExecutor.java:1142)
                        	at java.util.concurrent.ThreadPoolExecutor$Worker.run(ThreadPoolExecutor.java:617)
                        	at java.lang.Thread.run(Thread.java:745)
                        Caused by: org.apache.http.conn.HttpHostConnectException: Connect to 127.0.0.1:7055 [/127.0.0.1] failed: Connection refused:
                        connect
                        	at org.apache.http.impl.conn.HttpClientConnectionOperator.connect(HttpClientConnectionOperator.java:142)
                        	at org.apache.http.impl.conn.PoolingHttpClientConnectionManager.connect(PoolingHttpClientConnectionManager.java:319)
                        	at org.apache.http.impl.execchain.MainClientExec.establishRoute(MainClientExec.java:363)
                        	at org.apache.http.impl.execchain.MainClientExec.execute(MainClientExec.java:219)
                        	at org.apache.http.impl.execchain.ProtocolExec.execute(ProtocolExec.java:195)
                        	at org.apache.http.impl.execchain.RetryExec.execute(RetryExec.java:86)
                        	at org.apache.http.impl.execchain.RedirectExec.execute(RedirectExec.java:108)
                        	at org.apache.http.impl.client.InternalHttpClient.doExecute(InternalHttpClient.java:184)
                        	at org.apache.http.impl.client.CloseableHttpClient.execute(CloseableHttpClient.java:72)
                        	at org.apache.http.impl.client.CloseableHttpClient.execute(CloseableHttpClient.java:57)
                        	at org.openqa.selenium.remote.internal.ApacheHttpClient.fallBackExecute(ApacheHttpClient.java:126)
                        	at org.openqa.selenium.remote.internal.ApacheHttpClient.execute(ApacheHttpClient.java:72)
                        	at org.openqa.selenium.remote.HttpCommandExecutor.execute(HttpCommandExecutor.java:133)
                        	at org.openqa.selenium.firefox.internal.NewProfileExtensionConnection.execute(NewProfileExtensionConnection.java:165)
                        	at org.openqa.selenium.firefox.FirefoxDriver$LazyCommandExecutor.execute(FirefoxDriver.java:362)
                        	at org.openqa.selenium.remote.RemoteWebDriver.execute(RemoteWebDriver.java:572)
                        	... 25 more
                        Caused by: java.net.ConnectException: Connection refused: connect
                        	at java.net.DualStackPlainSocketImpl.waitForConnect(Native Method)
                        	at java.net.DualStackPlainSocketImpl.socketConnect(DualStackPlainSocketImpl.java:85)
                        	at java.net.AbstractPlainSocketImpl.doConnect(AbstractPlainSocketImpl.java:345)
                        	at java.net.AbstractPlainSocketImpl.connectToAddress(AbstractPlainSocketImpl.java:206)
                        	at java.net.AbstractPlainSocketImpl.connect(AbstractPlainSocketImpl.java:188)
                        	at java.net.PlainSocketImpl.connect(PlainSocketImpl.java:172)
                        	at java.net.SocksSocketImpl.connect(SocksSocketImpl.java:392)
                        	at java.net.Socket.connect(Socket.java:589)
                        	at org.apache.http.conn.socket.PlainConnectionSocketFactory.connectSocket(PlainConnectionSocketFactory.java:72)
                        	at org.apache.http.impl.conn.HttpClientConnectionOperator.connect(HttpClientConnectionOperator.java:125)
                        	... 40 more
                     </pre>
                  </div>
               </td>
            </tr>
         </table>
         <br></br>
      </div>
      <div style="margin-top: 15px; color: gray; text-align: center; font-size: 9px;">
         			Generated with
         			
         <a href="http://code.google.com/p/testng-xslt/" style="color: #8888aa;"
            target="_blank">
            				TestNG XSLT
            			
         </a>
      </div>
   </body>
</html>