<?xml version="1.0" encoding="UTF-8"?>
<testng-results skipped="0" failed="0" total="2" passed="2">
  <reporter-output>
  </reporter-output>
  <suite name="Default suite" duration-ms="20530" started-at="2015-08-23T11:51:54Z" finished-at="2015-08-23T11:52:15Z">
    <groups>
    </groups>
    <test name="Default test" duration-ms="20530" started-at="2015-08-23T11:51:54Z" finished-at="2015-08-23T11:52:15Z">
      <class name="com.kaplan.tests.TestScenario1_3">
        <test-method status="PASS" signature="setUp()[pri:0, instance:com.kaplan.tests.TestScenario1_3@62043840]" name="setUp" is-config="true" duration-ms="12249" started-at="2015-08-23T17:21:54Z" finished-at="2015-08-23T17:22:06Z">
          <reporter-output>
          </reporter-output>
        </test-method> <!-- setUp -->
        <test-method status="PASS" signature="TestScenario1()[pri:0, instance:com.kaplan.tests.TestScenario1_3@62043840]" name="TestScenario1" duration-ms="10" started-at="2015-08-23T17:22:06Z" finished-at="2015-08-23T17:22:06Z">
          <reporter-output>
          </reporter-output>
        </test-method> <!-- TestScenario1 -->
        <test-method status="PASS" signature="tearDown()[pri:0, instance:com.kaplan.tests.TestScenario1_3@62043840]" name="tearDown" is-config="true" duration-ms="164" started-at="2015-08-23T17:22:06Z" finished-at="2015-08-23T17:22:07Z">
          <reporter-output>
          </reporter-output>
        </test-method> <!-- tearDown -->
        <test-method status="PASS" signature="setUp()[pri:0, instance:com.kaplan.tests.TestScenario1_3@62043840]" name="setUp" is-config="true" duration-ms="7899" started-at="2015-08-23T17:22:07Z" finished-at="2015-08-23T17:22:14Z">
          <reporter-output>
          </reporter-output>
        </test-method> <!-- setUp -->
        <test-method status="PASS" signature="TestScenario2()[pri:0, instance:com.kaplan.tests.TestScenario1_3@62043840]" name="TestScenario2" duration-ms="10" started-at="2015-08-23T17:22:14Z" finished-at="2015-08-23T17:22:14Z">
          <reporter-output>
          </reporter-output>
        </test-method> <!-- TestScenario2 -->
        <test-method status="PASS" signature="tearDown()[pri:0, instance:com.kaplan.tests.TestScenario1_3@62043840]" name="tearDown" is-config="true" duration-ms="184" started-at="2015-08-23T17:22:14Z" finished-at="2015-08-23T17:22:15Z">
          <reporter-output>
          </reporter-output>
        </test-method> <!-- tearDown -->
      </class> <!-- com.kaplan.tests.TestScenario1_3 -->
    </test> <!-- Default test -->
  </suite> <!-- Default suite -->
</testng-results>
